<?xml version="1.0" encoding="UTF-8" ?>
<testsuite errors="0" failures="0" hostname="Iris" name="ConjuntoBloquesTest" tests="22" time="0.214" timestamp="2010-11-15T13:58:38">
  <properties>
[...]
</properties>
  <testcase classname="ConjuntoBloquesTest" name="nuevoTieneCeroNumeroDeBloques" time="0.0070" />
  <testcase classname="ConjuntoBloquesTest" name="alIngresarNumeroDeBloquesElNumeroDeBloquesNoEsCero" time="0.0010" />
  <testcase classname="ConjuntoBloquesTest" name="alIngresarNumeroXDeBloquesElNumeroDeBloquesEsIgualAX" time="0.0010" />
  <testcase classname="ConjuntoBloquesTest" name="elNumeroDeBloquesEsMayorACeroYMenorOIgualA25" time="0.0010" />
  <testcase classname="ConjuntoBloquesTest" name="losBloquesSeCreanDeManeraAscendenteYEnLasPosicionesCorrectas" time="0.0010" />
  <testcase classname="ConjuntoBloquesTest" name="esPosibleQuitarUnBloqueDeUnaPosicionDadaValida" time="0.0" />
  <testcase classname="ConjuntoBloquesTest" name="noSePuedeQuitarUnBloqueDeUnaPosicionDadaInvalida" time="0.0" />
  <testcase classname="ConjuntoBloquesTest" name="esPosibleMoverUnBloqueAUnaPosicionDadaValida" time="0.0" />
  <testcase classname="ConjuntoBloquesTest" name="noEsPosibleMoverUnBloqueAUnaPosicionDadaInvalida" time="0.0" />
  <testcase classname="ConjuntoBloquesTest" name="alPosicionarUnBloqueEnUnLugarYaOcupadoElNumeroDeBloquesEnEsaPosicionAumentaUno" time="0.0" />
  <testcase classname="ConjuntoBloquesTest" name="alPosicionarVariosBloquesEnUnLugarYaOcupadoElNumeroDeBloquesEsIgualALaCantidadDeBloquesOcupadosMasLosRecienPosicionados" time="0.0" />
  <testcase classname="ConjuntoBloquesTest" name="alBuscarLaPosicionDelBloqueXEnPosicionesNuevaEsteSeEncuentraEnX" time="0.0" />
  <testcase classname="ConjuntoBloquesTest" name="noSePuedeBuscarUnBloqueInvalido" time="0.0" />
  <testcase classname="ConjuntoBloquesTest" name="esPosibleBuscarLaPosicionDeUnBloqeQueFueMovido" time="0.0" />
  <testcase classname="ConjuntoBloquesTest" name="esPosibleCalcularElNumeroDeBloquesApiladosSobreElBloqueX" time="0.0" />
  <testcase classname="ConjuntoBloquesTest" name="noEsPosibleCalcularElNumeroDeBloquesApiladosSobreUnBloqueXNoExistene" time="0.0" />
  <testcase classname="ConjuntoBloquesTest" name="alLlamarALaFuncionPopPosXAPosYSoloSeMueveElUltimoBloqueApiladoEnLaPosicionXALaPosicionY" time="0.0" />
  <testcase classname="ConjuntoBloquesTest" name="noEsPosibleLlamarALaFuncionPopPosXAPosYConPosicionesInvalidas" time="0.0" />
  <testcase classname="ConjuntoBloquesTest" name="devolverBloqueASuPosicionOriginalDeUnaPosicionDada" time="0.0" />
  <testcase classname="ConjuntoBloquesTest" name="devolverTodosLosBloquesASusPosicionesOriginalesDeUnBloqueDado" time="0.016" />
  <testcase classname="ConjuntoBloquesTest" name="alMoverBloqueAEnBloqueBPrimeroDevolvemosTodosLosBloquesSobreElBloqueAYBloqueBYLuegoMovemosBloqueASobreBloqueB" time="0.0" />
  <testcase classname="ConjuntoBloquesTest" name="alMoverBloqueASobreBloqueBPrimeroDevolvemosTodosLosBloquesSobreElBloqueAYLueboMovemosBloqueAALaPosicionDondeSeEncuentraElBloqueB" time="0.0" />
  <system-out><![CDATA[]]></system-out>
  <system-err><![CDATA[]]></system-err>
</testsuite>
